Page crawling completed.
https://www.realestate.com.au/property-house-vic-box+hill-421429634 1
https://www.realestate.com.au/property-house-vic-box+hill-421409638 2
https://www.realestate.com.au/property-terrace-vic-box+hill-421573138 3
https://www.realestate.com.au/property-house-vic-box+hill-421382466 4
https://www.realestate.com.au/property-house-vic-box+hill-421314570 5
https://www.realestate.com.au/property-house-vic-balwyn-421520482 6
https://www.realestate.com.au/property-house-vic-balwyn-421601082 7
https://www.realestate.com.au/property-house-vic-blackburn-421507054 8
https://www.realestate.com.au/property-house-vic-blackburn-421483718 9
https://www.realestate.com.au/property-house-vic-balwyn-421596890 10
https://www.realestate.com.au/property-house-vic-mont+albert-421581634 11
https://www.realestate.com.au/property-house-vic-blackburn-421569322 12
https://www.realestate.com.au/property-duplex+semi+detached-vic-doncaster-421565922 13
https://www.realestate.com.au/property-house-vic-doncaster-421565754 14
https://www.realestate.com.au/property-house-vic-surrey+hills-421535586 15
https://www.realestate.com.au/property-house-vic-mont+albert-421623234 16
https://www.realestate.com.au/property-house-vic-box+hill+north-421618762 17
https://www.realestate.com.au/property-house-vic-blackburn-421571438 18
https://www.realestate.com.au/property-house-vic-doncaster-421525370 19
https://www.realestate.com.au/property-house-vic-box+hill+south-421441134 20
https://www.realestate.com.au/property-house-vic-blackburn+north-421554330 21
https://www.realestate.com.au/property-house-vic-doncaster-421403758 22
https://www.realestate.com.au/property-house-vic-box+hill+north-421393042 23
https://www.realestate.com.au/property-house-vic-blackburn-421333558 24
https://www.realestate.com.au/property-house-vic-blackburn-421246282 25
https://www.realestate.com.au/property-house-vic-balwyn-418270818 26
